2022-05-06 12:00:39,425 INFO client.py Запущен клиент с парамертами: адрес сервера: 127.0.0.1 , порт: 7777, имя пользователя: mas
2022-05-06 12:00:39,550 INFO transport.py Попытка подключения №1
2022-05-06 12:00:42,628 INFO transport.py Попытка подключения №2
2022-05-06 12:00:45,691 INFO transport.py Попытка подключения №3
2022-05-06 12:01:01,304 INFO client.py Запущен клиент с парамертами: адрес сервера: 127.0.0.1 , порт: 7777, имя пользователя: m
2022-05-06 12:01:01,335 INFO transport.py Попытка подключения №1
2022-05-06 12:01:01,351 DEBUG transport.py Установлено соединение с сервером
2022-05-06 12:01:01,351 DEBUG transport.py Сформировано presence сообщение для пользователя m
2022-05-06 12:01:01,867 DEBUG transport.py Разбор сообщения от сервера: {'response': 200}
2022-05-06 12:01:01,867 INFO transport.py Соединение с сервером успешно установлено.
2022-05-06 12:01:01,867 DEBUG transport.py Запрос списка известных пользователей m
2022-05-06 12:01:02,367 DEBUG transport.py Запрос контакт листа для пользователя Thread-1
2022-05-06 12:01:02,367 DEBUG transport.py Сформирован запрос {'action': 'get_contacts', 'time': 1651827662.3676388, 'user': 'm'}
2022-05-06 12:01:02,867 DEBUG transport.py Получен ответ {'response': 202, 'data_list': []}
2022-05-06 12:01:02,867 DEBUG transport.py Запущен процесс - приёмник сообщений с сервера.
2022-05-06 12:01:11,397 DEBUG transport.py Создание контакта test1
2022-05-06 12:01:11,506 DEBUG transport.py Разбор сообщения от сервера: {'response': 200}
2022-05-06 12:01:11,521 INFO main_window.py Успешно добавлен контакт <PyQt5.QtGui.QStandardItem object at 0x000001E921FCAE50>
2022-05-06 12:01:22,931 DEBUG transport.py Сформирован словарь сообщения: {'action': 'message', 'from': 'm', 'to': 'test1', 'time': 1651827682.931681, 'mess_text': 'gh'}
2022-05-06 12:01:23,221 DEBUG transport.py Разбор сообщения от сервера: {'response': 400, 'error': 'Пользователь не зарегистрирован на сервере.'}
2022-05-06 12:01:26,033 DEBUG transport.py Транспорт завершает работу.
2022-05-06 12:01:26,613 DEBUG transport.py Потеряно соединение с сервером.
2022-05-06 12:03:34,472 INFO client.py Запущен клиент с парамертами: адрес сервера: 127.0.0.1 , порт: 7777, имя пользователя: test2
2022-05-06 12:03:34,472 INFO client.py Запущен клиент с парамертами: адрес сервера: 127.0.0.1 , порт: 7777, имя пользователя: test1
2022-05-06 12:03:34,488 INFO client.py Запущен клиент с парамертами: адрес сервера: 127.0.0.1 , порт: 7777, имя пользователя: test3
2022-05-06 12:03:34,519 INFO transport.py Попытка подключения №1
2022-05-06 12:03:34,519 INFO transport.py Попытка подключения №1
2022-05-06 12:03:34,519 DEBUG transport.py Установлено соединение с сервером
2022-05-06 12:03:34,519 DEBUG transport.py Установлено соединение с сервером
2022-05-06 12:03:34,519 DEBUG transport.py Сформировано presence сообщение для пользователя test2
2022-05-06 12:03:34,519 INFO transport.py Попытка подключения №1
2022-05-06 12:03:34,519 DEBUG transport.py Установлено соединение с сервером
2022-05-06 12:03:34,519 DEBUG transport.py Сформировано presence сообщение для пользователя test3
2022-05-06 12:03:34,535 DEBUG transport.py Разбор сообщения от сервера: {'response': 200}
2022-05-06 12:03:34,535 INFO transport.py Соединение с сервером успешно установлено.
2022-05-06 12:03:34,535 DEBUG transport.py Запрос списка известных пользователей test1
2022-05-06 12:03:34,535 DEBUG transport.py Разбор сообщения от сервера: {'response': 200}
2022-05-06 12:03:34,535 INFO transport.py Соединение с сервером успешно установлено.
2022-05-06 12:03:34,535 DEBUG transport.py Запрос списка известных пользователей test2
2022-05-06 12:03:35,050 DEBUG transport.py Запрос контакт листа для пользователя Thread-1
2022-05-06 12:03:35,050 DEBUG transport.py Сформирован запрос {'action': 'get_contacts', 'time': 1651827815.0507722, 'user': 'test2'}
2022-05-06 12:03:35,050 DEBUG transport.py Запрос контакт листа для пользователя Thread-1
2022-05-06 12:03:35,050 DEBUG transport.py Сформирован запрос {'action': 'get_contacts', 'time': 1651827815.0507722, 'user': 'test1'}
2022-05-06 12:03:35,050 DEBUG transport.py Разбор сообщения от сервера: {'response': 200}
2022-05-06 12:03:35,050 INFO transport.py Соединение с сервером успешно установлено.
2022-05-06 12:03:35,066 DEBUG transport.py Запрос списка известных пользователей test3
2022-05-06 12:03:35,551 DEBUG transport.py Получен ответ {'response': 202, 'data_list': ['test2']}
2022-05-06 12:03:35,551 DEBUG transport.py Получен ответ {'response': 202, 'data_list': ['test1']}
2022-05-06 12:03:35,551 DEBUG transport.py Запрос контакт листа для пользователя Thread-1
2022-05-06 12:03:35,551 DEBUG transport.py Сформирован запрос {'action': 'get_contacts', 'time': 1651827815.5512514, 'user': 'test3'}
2022-05-06 12:03:35,551 DEBUG transport.py Запущен процесс - приёмник сообщений с сервера.
2022-05-06 12:03:35,551 DEBUG transport.py Запущен процесс - приёмник сообщений с сервера.
2022-05-06 12:03:36,066 DEBUG transport.py Получен ответ {'response': 202, 'data_list': []}
2022-05-06 12:03:36,066 DEBUG transport.py Запущен процесс - приёмник сообщений с сервера.
2022-05-06 12:03:45,019 DEBUG transport.py Создание контакта test2
2022-05-06 12:03:45,207 DEBUG transport.py Разбор сообщения от сервера: {'response': 200}
2022-05-06 12:03:45,222 INFO main_window.py Успешно добавлен контакт <PyQt5.QtGui.QStandardItem object at 0x00000129D8769E50>
2022-05-06 12:03:51,522 DEBUG transport.py Сформирован словарь сообщения: {'action': 'message', 'from': 'test3', 'to': 'test2', 'time': 1651827831.5220177, 'mess_text': 'nm'}
2022-05-06 12:03:51,820 DEBUG transport.py Разбор сообщения от сервера: {'response': 200}
2022-05-06 12:03:51,820 DEBUG transport.py Принято сообщение с сервера: {'action': 'message', 'from': 'test3', 'to': 'test2', 'time': 1651827831.5220177, 'mess_text': 'nm'}
2022-05-06 12:03:51,820 DEBUG transport.py Разбор сообщения от сервера: {'action': 'message', 'from': 'test3', 'to': 'test2', 'time': 1651827831.5220177, 'mess_text': 'nm'}
2022-05-06 12:03:51,820 DEBUG transport.py Получено сообщение от пользователя test3:nm
2022-05-06 12:03:51,820 INFO transport.py Отправлено сообщение для пользователя test2
2022-05-06 12:03:51,836 DEBUG main_window.py Отправлено сообщение для test2: nm
2022-05-06 12:04:00,445 DEBUG transport.py Создание контакта test3
2022-05-06 12:04:00,992 DEBUG transport.py Разбор сообщения от сервера: {'response': 200}
2022-05-06 12:04:00,992 INFO main_window.py Успешно добавлен контакт <PyQt5.QtGui.QStandardItem object at 0x000001BD84D84D30>
2022-05-06 12:04:04,818 DEBUG transport.py Транспорт завершает работу.
2022-05-06 12:04:05,052 DEBUG transport.py Потеряно соединение с сервером.
